<?xml version="1.0" encoding="UTF-8"?>
<!-- Generated by org.testng.reporters.JUnitXMLReporter -->
<testsuite ignored="0" hostname="AnkitL-L" failures="0" tests="3" name="Default test" time="7.446" errors="0" timestamp="2024-04-29T18:59:04 IST">
  <testcase classname="browserStackTC.BrowserStackSetup" name="navigate_to_homepage_click_on_getstarted" time="4.91"/>
  <testcase classname="browserStackTC.BrowserStackSetup" name="enter_userDetails" time="0.34"/>
  <testcase classname="browserStackTC.BrowserStackSetup" name="enter_userDetails" time="0.302"/>
</testsuite> <!-- Default test -->
