<?xml version="1.0" encoding="UTF-8"?>
<!-- Generated by org.testng.reporters.JUnitXMLReporter -->
<testsuite ignored="0" hostname="AnkitL-L" failures="0" tests="4" name="Test" time="15.731" errors="0" timestamp="2024-04-29T12:38:35 IST">
  <testcase classname="browserStackTC.checkboxes" name="testingcheckboxes" time="7.66"/>
  <testcase classname="browserStackTC.BrowserStackSetup" name="navigate_to_homepage_click_on_getstarted" time="4.769"/>
  <testcase classname="browserStackTC.BrowserStackSetup" name="enter_userDetails" time="0.624"/>
  <testcase classname="browserStackTC.BrowserStackSetup" name="enter_userDetails" time="0.439"/>
</testsuite> <!-- Test -->
