<?xml version="1.0" encoding="UTF-8"?>
<!-- Generated by org.testng.reporters.JUnitXMLReporter -->
<testsuite ignored="0" hostname="AnkitL-L" failures="0" tests="4" name="Test" time="9.225" errors="0" timestamp="2024-04-29T19:02:19 IST">
  <testcase classname="browserStackTC.checkboxes" name="testingcheckboxes" time="2.286"/>
  <testcase classname="browserStackTC.BrowserStackSetup" name="navigate_to_homepage_click_on_getstarted" time="4.186"/>
  <testcase classname="browserStackTC.BrowserStackSetup" name="enter_userDetails" time="0.436"/>
  <testcase classname="browserStackTC.BrowserStackSetup" name="enter_userDetails" time="0.388"/>
</testsuite> <!-- Test -->
