<?xml version="1.0" encoding="UTF-8"?>
<!-- Generated by org.testng.reporters.JUnitXMLReporter -->
<testsuite ignored="0" hostname="AnkitL-L" failures="0" tests="4" name="Test" time="13.112" errors="0" timestamp="2024-04-30T12:36:07 IST">
  <testcase classname="browserStackTC.checkboxes" name="testingcheckboxes" time="2.42"/>
  <testcase classname="browserStackTC.BrowserStackSetup" name="navigate_to_homepage_click_on_getstarted" time="5.641"/>
  <testcase classname="browserStackTC.BrowserStackSetup" name="enter_userDetails" time="0.53"/>
  <testcase classname="browserStackTC.BrowserStackSetup" name="enter_userDetails" time="0.622"/>
</testsuite> <!-- Test -->
