<?xml version="1.0" encoding="UTF-8"?>
<testng-results ignored="0" total="3" passed="3" failed="0" skipped="0">
  <reporter-output>
  </reporter-output>
  <suite started-at="2024-05-04T10:44:56 IST" name="Default suite" finished-at="2024-05-04T10:45:05 IST" duration-ms="8991">
    <groups>
    </groups>
    <test started-at="2024-05-04T10:44:56 IST" name="Default test" finished-at="2024-05-04T10:45:05 IST" duration-ms="8991">
      <class name="browserStackTC.BrowserStackSetup">
        <test-method is-config="true" signature="setup()[pri:0, instance:browserStackTC.BrowserStackSetup@d35dea7]" started-at="2024-05-04T10:44:56 IST" name="setup" finished-at="2024-05-04T10:45:00 IST" duration-ms="3562" status="PASS">
          <reporter-output>
          </reporter-output>
        </test-method> <!-- setup -->
        <test-method signature="navigate_to_homepage_click_on_getstarted()[pri:1, instance:browserStackTC.BrowserStackSetup@d35dea7]" started-at="2024-05-04T10:45:00 IST" name="navigate_to_homepage_click_on_getstarted" finished-at="2024-05-04T10:45:04 IST" duration-ms="4444" status="PASS">
          <reporter-output>
          </reporter-output>
        </test-method> <!-- navigate_to_homepage_click_on_getstarted -->
        <test-method signature="enter_userDetails(java.util.HashMap)[pri:2, instance:browserStackTC.BrowserStackSetup@d35dea7]" started-at="2024-05-04T10:45:04 IST" name="enter_userDetails" data-provider="userData" finished-at="2024-05-04T10:45:05 IST" duration-ms="396" status="PASS">
          <params>
            <param index="0">
              <value>
                <![CDATA[{fullName=TestUser1, password=password1, email=testuser1@gmail.com}]]>
              </value>
            </param>
          </params>
          <reporter-output>
          </reporter-output>
        </test-method> <!-- enter_userDetails -->
        <test-method signature="enter_userDetails(java.util.HashMap)[pri:2, instance:browserStackTC.BrowserStackSetup@d35dea7]" started-at="2024-05-04T10:45:05 IST" name="enter_userDetails" data-provider="userData" finished-at="2024-05-04T10:45:05 IST" duration-ms="338" status="PASS">
          <params>
            <param index="0">
              <value>
                <![CDATA[{fullName=TestUser2, password=password2, email=testuser2@gmail.com}]]>
              </value>
            </param>
          </params>
          <reporter-output>
          </reporter-output>
        </test-method> <!-- enter_userDetails -->
        <test-method is-config="true" signature="teardown()[pri:0, instance:browserStackTC.BrowserStackSetup@d35dea7]" started-at="2024-05-04T10:45:05 IST" name="teardown" finished-at="2024-05-04T10:45:05 IST" duration-ms="207" status="PASS">
          <reporter-output>
          </reporter-output>
        </test-method> <!-- teardown -->
      </class> <!-- browserStackTC.BrowserStackSetup -->
    </test> <!-- Default test -->
  </suite> <!-- Default suite -->
</testng-results>
